<?xml version='1.0' encoding='UTF-8'?>
<testsuite hostname="Shyams-MBP" name="com.dist.simplekafka.ControllerZookeeperFailureTests" tests="1" errors="0" failures="1" skipped="0" time="0.262" timestamp="2020-09-05T14:26:19">
                     <properties>
[...]
</properties>
                     <testcase classname="com.dist.simplekafka.ControllerZookeeperFailureTests" name="should elect new broker as leader once controller shuts down" time="0.262">
                                                 <failure message="org.I0Itec.zkclient.exception.ZkNodeExistsException: org.apache.zookeeper.KeeperException$NodeExistsException: KeeperErrorCode = NodeExists for /brokers/ids/3" type="sbt.ForkMain$ForkError">sbt.ForkMain$ForkError: org.I0Itec.zkclient.exception.ZkNodeExistsException: org.apache.zookeeper.KeeperException$NodeExistsException: KeeperErrorCode = NodeExists for /brokers/ids/3
	at org.I0Itec.zkclient.exception.ZkException.create(ZkException.java:55)
	at org.I0Itec.zkclient.ZkClient.retryUntilConnected(ZkClient.java:1001)
	at org.I0Itec.zkclient.ZkClient.create(ZkClient.java:528)
	at org.I0Itec.zkclient.ZkClient.create(ZkClient.java:499)
	at org.I0Itec.zkclient.ZkClient.createEphemeral(ZkClient.java:552)
	at com.dist.simplekafka.ZookeeperClientImpl.createEphemeralPath(ZookeeperClient.scala:129)
	at com.dist.simplekafka.ZookeeperClientImpl.registerBroker(ZookeeperClient.scala:112)
	at com.dist.simplekafka.ZookeeperClientImpl.registerSelf(ZookeeperClient.scala:89)
	at com.dist.simplekafka.Server.startup(Server.scala:90)
	at com.dist.simplekafka.ControllerZookeeperFailureTests.$anonfun$new$1(ControllerZookeeperFailureTests.scala:20)
	at scala.runtime.java8.JFunction0$mcV$sp.apply(JFunction0$mcV$sp.scala:18)
	at org.scalatest.OutcomeOf.outcomeOf(OutcomeOf.scala:85)
	at org.scalatest.OutcomeOf.outcomeOf$(OutcomeOf.scala:83)
	at org.scalatest.OutcomeOf$.outcomeOf(OutcomeOf.scala:104)
	at org.scalatest.Transformer.apply(Transformer.scala:22)
	at org.scalatest.Transformer.apply(Transformer.scala:20)
	at org.scalatest.FunSuiteLike$$anon$1.apply(FunSuiteLike.scala:186)
	at org.scalatest.TestSuite.withFixture(TestSuite.scala:196)
	at org.scalatest.TestSuite.withFixture$(TestSuite.scala:195)
	at org.scalatest.FunSuite.withFixture(FunSuite.scala:1560)
	at org.scalatest.FunSuiteLike.invokeWithFixture$1(FunSuiteLike.scala:184)
	at org.scalatest.FunSuiteLike.$anonfun$runTest$1(FunSuiteLike.scala:196)
	at org.scalatest.SuperEngine.runTestImpl(Engine.scala:286)
	at org.scalatest.FunSuiteLike.runTest(FunSuiteLike.scala:196)
	at org.scalatest.FunSuiteLike.runTest$(FunSuiteLike.scala:178)
	at com.dist.simplekafka.ControllerZookeeperFailureTests.org$scalatest$BeforeAndAfterEach$$super$runTest(ControllerZookeeperFailureTests.scala:10)
	at org.scalatest.BeforeAndAfterEach.runTest(BeforeAndAfterEach.scala:221)
	at org.scalatest.BeforeAndAfterEach.runTest$(BeforeAndAfterEach.scala:214)
	at com.dist.simplekafka.ControllerZookeeperFailureTests.runTest(ControllerZookeeperFailureTests.scala:10)
	at org.scalatest.FunSuiteLike.$anonfun$runTests$1(FunSuiteLike.scala:229)
	at org.scalatest.SuperEngine.$anonfun$runTestsInBranch$1(Engine.scala:393)
	at scala.collection.immutable.List.foreach(List.scala:312)
	at org.scalatest.SuperEngine.traverseSubNodes$1(Engine.scala:381)
	at org.scalatest.SuperEngine.runTestsInBranch(Engine.scala:376)
	at org.scalatest.SuperEngine.runTestsImpl(Engine.scala:458)
	at org.scalatest.FunSuiteLike.runTests(FunSuiteLike.scala:229)
	at org.scalatest.FunSuiteLike.runTests$(FunSuiteLike.scala:228)
	at org.scalatest.FunSuite.runTests(FunSuite.scala:1560)
	at org.scalatest.Suite.run(Suite.scala:1124)
	at org.scalatest.Suite.run$(Suite.scala:1106)
	at org.scalatest.FunSuite.org$scalatest$FunSuiteLike$$super$run(FunSuite.scala:1560)
	at org.scalatest.FunSuiteLike.$anonfun$run$1(FunSuiteLike.scala:233)
	at org.scalatest.SuperEngine.runImpl(Engine.scala:518)
	at org.scalatest.FunSuiteLike.run(FunSuiteLike.scala:233)
	at org.scalatest.FunSuiteLike.run$(FunSuiteLike.scala:232)
	at org.scalatest.FunSuite.run(FunSuite.scala:1560)
	at org.scalatest.tools.Framework.org$scalatest$tools$Framework$$runSuite(Framework.scala:317)
	at org.scalatest.tools.Framework$ScalaTestTask.execute(Framework.scala:510)
	at sbt.ForkMain$Run.lambda$runTest$1(ForkMain.java:304)
	at java.base/java.util.concurrent.FutureTask.run(FutureTask.java:264)
	at java.base/java.util.concurrent.ThreadPoolExecutor.runWorker(ThreadPoolExecutor.java:1128)
	at java.base/java.util.concurrent.ThreadPoolExecutor$Worker.run(ThreadPoolExecutor.java:628)
	at java.base/java.lang.Thread.run(Thread.java:834)
Caused by: sbt.ForkMain$ForkError: org.apache.zookeeper.KeeperException$NodeExistsException: KeeperErrorCode = NodeExists for /brokers/ids/3
	at org.apache.zookeeper.KeeperException.create(KeeperException.java:126)
	at org.apache.zookeeper.KeeperException.create(KeeperException.java:54)
	at org.apache.zookeeper.ZooKeeper.create(ZooKeeper.java:1538)
	at org.I0Itec.zkclient.ZkConnection.create(ZkConnection.java:100)
	at org.I0Itec.zkclient.ZkClient$3.call(ZkClient.java:531)
	at org.I0Itec.zkclient.ZkClient$3.call(ZkClient.java:528)
	at org.I0Itec.zkclient.ZkClient.retryUntilConnected(ZkClient.java:991)
	... 51 more
</failure>
                                               </testcase>
                     <system-out><![CDATA[]]></system-out>
                     <system-err><![CDATA[]]></system-err>
                   </testsuite>