<?xml version='1.0' encoding='UTF-8'?>
<testsuite hostname="Shyams-MBP" name="com.dist.simplekafka.kip500.LeaderElectionTest" tests="1" errors="0" failures="0" skipped="0" time="0.265" timestamp="2020-09-05T14:26:06">
                     <properties>
[...]
</properties>
                     <testcase classname="com.dist.simplekafka.kip500.LeaderElectionTest" name="should elect server with highest id as a leader when logs are empty" time="0.265">
                                                 
                                               </testcase>
                     <system-out><![CDATA[]]></system-out>
                     <system-err><![CDATA[]]></system-err>
                   </testsuite>